<?xml version="1.0" encoding="UTF-8"?>
<!-- Generated by org.testng.reporters.JUnitXMLReporter -->
<testsuite hostname="shapan-HP" ignored="0" name="Banking App Test" tests="6" failures="1" timestamp="2020-12-08T02:18:11 EST" time="95.447" errors="0">
  <testcase name="logintest" time="3.68" classname="com.inetBanking.Testcase.TC_logintest_001"/>
  <testcase name="loginDDT" time="14.151" classname="com.inetBanking.Testcase.TC_logintestDDT_002"/>
  <testcase name="loginDDT" time="9.249" classname="com.inetBanking.Testcase.TC_logintestDDT_002">
    <failure type="java.lang.AssertionError" message="expected [true] but found [false]">
      <![CDATA[java.lang.AssertionError: expected [true] but found [false]
at com.inetBanking.Testcase.TC_logintestDDT_002.loginDDT(TC_logintestDDT_002.java:32)
at java.util.ArrayList.forEach(ArrayList.java:1249)
... Removed 31 stack frames]]>
    </failure>
  </testcase> <!-- loginDDT -->
  <testcase name="loginDDT" time="12.999" classname="com.inetBanking.Testcase.TC_logintestDDT_002"/>
  <testcase name="loginDDT" time="13.625" classname="com.inetBanking.Testcase.TC_logintestDDT_002"/>
  <testcase name="addingCustomer" time="13.151" classname="com.inetBanking.Testcase.TC_Addcustomer_003"/>
</testsuite> <!-- Banking App Test -->
