<?xml version="1.0" encoding="UTF-8"?>
<testng-results skipped="0" failed="0" ignored="0" total="2" passed="2">
  <reporter-output>
  </reporter-output>
  <suite name="inetBanking" duration-ms="28825" started-at="2020-05-10T22:35:53 EDT" finished-at="2020-05-10T22:36:22 EDT">
    <groups>
    </groups>
    <test name="Banking App Test" duration-ms="28825" started-at="2020-05-10T22:35:53 EDT" finished-at="2020-05-10T22:36:22 EDT">
      <class name="com.inetBanking.Testcase.TC_logintest_001">
        <test-method status="PASS" signature="setup(java.lang.String)[pri:0, instance:com.inetBanking.Testcase.TC_logintest_001@6093dd95]" name="setup" is-config="true" duration-ms="5695" started-at="2020-05-10T22:35:54 EDT" finished-at="2020-05-10T22:35:59 EDT">
          <params>
            <param index="0">
              <value>
                <![CDATA[chrome]]>
              </value>
            </param>
          </params>
          <reporter-output>
          </reporter-output>
        </test-method> <!-- setup -->
        <test-method status="PASS" signature="logintest()[pri:0, instance:com.inetBanking.Testcase.TC_logintest_001@6093dd95]" name="logintest" duration-ms="4342" started-at="2020-05-10T22:35:59 EDT" finished-at="2020-05-10T22:36:04 EDT">
          <reporter-output>
          </reporter-output>
        </test-method> <!-- logintest -->
        <test-method status="PASS" signature="tearDown()[pri:0, instance:com.inetBanking.Testcase.TC_logintest_001@6093dd95]" name="tearDown" is-config="true" duration-ms="685" started-at="2020-05-10T22:36:04 EDT" finished-at="2020-05-10T22:36:04 EDT">
          <reporter-output>
          </reporter-output>
        </test-method> <!-- tearDown -->
      </class> <!-- com.inetBanking.Testcase.TC_logintest_001 -->
      <class name="com.inetBanking.Testcase.TC_Addcustomer_003">
        <test-method status="PASS" signature="setup(java.lang.String)[pri:0, instance:com.inetBanking.Testcase.TC_Addcustomer_003@5622fdf]" name="setup" is-config="true" duration-ms="4811" started-at="2020-05-10T22:36:04 EDT" finished-at="2020-05-10T22:36:09 EDT">
          <params>
            <param index="0">
              <value>
                <![CDATA[chrome]]>
              </value>
            </param>
          </params>
          <reporter-output>
          </reporter-output>
        </test-method> <!-- setup -->
        <test-method status="PASS" signature="addingCustomer()[pri:0, instance:com.inetBanking.Testcase.TC_Addcustomer_003@5622fdf]" name="addingCustomer" duration-ms="12313" started-at="2020-05-10T22:36:09 EDT" finished-at="2020-05-10T22:36:21 EDT">
          <reporter-output>
          </reporter-output>
        </test-method> <!-- addingCustomer -->
        <test-method status="PASS" signature="tearDown()[pri:0, instance:com.inetBanking.Testcase.TC_Addcustomer_003@5622fdf]" name="tearDown" is-config="true" duration-ms="756" started-at="2020-05-10T22:36:21 EDT" finished-at="2020-05-10T22:36:22 EDT">
          <reporter-output>
          </reporter-output>
        </test-method> <!-- tearDown -->
      </class> <!-- com.inetBanking.Testcase.TC_Addcustomer_003 -->
    </test> <!-- Banking App Test -->
  </suite> <!-- inetBanking -->
</testng-results>
