<?xml version="1.0" encoding="UTF-8"?>
<testng-results skipped="0" failed="1" ignored="0" total="6" passed="5">
  <reporter-output>
  </reporter-output>
  <suite name="inetBanking" duration-ms="95447" started-at="2020-12-08T02:16:36 EST" finished-at="2020-12-08T02:18:11 EST">
    <groups>
    </groups>
    <test name="Banking App Test" duration-ms="95447" started-at="2020-12-08T02:16:36 EST" finished-at="2020-12-08T02:18:11 EST">
      <class name="com.inetBanking.Testcase.TC_logintest_001">
        <test-method status="PASS" signature="setup(java.lang.String)[pri:0, instance:com.inetBanking.Testcase.TC_logintest_001@5faeada1]" name="setup" is-config="true" duration-ms="8763" started-at="2020-12-08T02:16:36 EST" finished-at="2020-12-08T02:16:45 EST">
          <params>
            <param index="0">
              <value>
                <![CDATA[chrome]]>
              </value>
            </param>
          </params>
          <reporter-output>
          </reporter-output>
        </test-method> <!-- setup -->
        <test-method status="PASS" signature="logintest()[pri:0, instance:com.inetBanking.Testcase.TC_logintest_001@5faeada1]" name="logintest" duration-ms="3680" started-at="2020-12-08T02:16:45 EST" finished-at="2020-12-08T02:16:49 EST">
          <reporter-output>
          </reporter-output>
        </test-method> <!-- logintest -->
        <test-method status="PASS" signature="tearDown()[pri:0, instance:com.inetBanking.Testcase.TC_logintest_001@5faeada1]" name="tearDown" is-config="true" duration-ms="972" started-at="2020-12-08T02:16:49 EST" finished-at="2020-12-08T02:16:50 EST">
          <reporter-output>
          </reporter-output>
        </test-method> <!-- tearDown -->
      </class> <!-- com.inetBanking.Testcase.TC_logintest_001 -->
      <class name="com.inetBanking.Testcase.TC_Addcustomer_003">
        <test-method status="PASS" signature="setup(java.lang.String)[pri:0, instance:com.inetBanking.Testcase.TC_Addcustomer_003@ea1a8d5]" name="setup" is-config="true" duration-ms="7826" started-at="2020-12-08T02:17:50 EST" finished-at="2020-12-08T02:17:58 EST">
          <params>
            <param index="0">
              <value>
                <![CDATA[chrome]]>
              </value>
            </param>
          </params>
          <reporter-output>
          </reporter-output>
        </test-method> <!-- setup -->
        <test-method status="PASS" signature="addingCustomer()[pri:0, instance:com.inetBanking.Testcase.TC_Addcustomer_003@ea1a8d5]" name="addingCustomer" duration-ms="13151" started-at="2020-12-08T02:17:58 EST" finished-at="2020-12-08T02:18:11 EST">
          <reporter-output>
          </reporter-output>
        </test-method> <!-- addingCustomer -->
        <test-method status="PASS" signature="tearDown()[pri:0, instance:com.inetBanking.Testcase.TC_Addcustomer_003@ea1a8d5]" name="tearDown" is-config="true" duration-ms="728" started-at="2020-12-08T02:18:11 EST" finished-at="2020-12-08T02:18:11 EST">
          <reporter-output>
          </reporter-output>
        </test-method> <!-- tearDown -->
      </class> <!-- com.inetBanking.Testcase.TC_Addcustomer_003 -->
      <class name="com.inetBanking.Testcase.TC_logintestDDT_002">
        <test-method status="PASS" signature="setup(java.lang.String)[pri:0, instance:com.inetBanking.Testcase.TC_logintestDDT_002@528931cf]" name="setup" is-config="true" duration-ms="7006" started-at="2020-12-08T02:16:50 EST" finished-at="2020-12-08T02:16:57 EST">
          <params>
            <param index="0">
              <value>
                <![CDATA[chrome]]>
              </value>
            </param>
          </params>
          <reporter-output>
          </reporter-output>
        </test-method> <!-- setup -->
        <test-method status="PASS" signature="loginDDT(java.lang.String, java.lang.String)[pri:0, instance:com.inetBanking.Testcase.TC_logintestDDT_002@528931cf]" name="loginDDT" duration-ms="14151" started-at="2020-12-08T02:16:59 EST" data-provider="LoginData" finished-at="2020-12-08T02:17:13 EST">
          <params>
            <param index="0">
              <value>
                <![CDATA[mngr298653]]>
              </value>
            </param>
            <param index="1">
              <value>
                <![CDATA[ahAdaqa]]>
              </value>
            </param>
          </params>
          <reporter-output>
          </reporter-output>
        </test-method> <!-- loginDDT -->
        <test-method status="FAIL" signature="loginDDT(java.lang.String, java.lang.String)[pri:0, instance:com.inetBanking.Testcase.TC_logintestDDT_002@528931cf]" name="loginDDT" duration-ms="9249" started-at="2020-12-08T02:17:13 EST" data-provider="LoginData" finished-at="2020-12-08T02:17:22 EST">
          <params>
            <param index="0">
              <value>
                <![CDATA[mngr298653]]>
              </value>
            </param>
            <param index="1">
              <value>
                <![CDATA[qUrUzEv1]]>
              </value>
            </param>
          </params>
          <exception class="java.lang.AssertionError">
            <message>
              <![CDATA[expected [true] but found [false]]]>
            </message>
            <full-stacktrace>
              <![CDATA[java.lang.AssertionError: expected [true] but found [false]
at org.testng.Assert.fail(Assert.java:97)
at org.testng.Assert.failNotEquals(Assert.java:969)
at org.testng.Assert.assertTrue(Assert.java:43)
at org.testng.Assert.assertTrue(Assert.java:53)
at com.inetBanking.Testcase.TC_logintestDDT_002.loginDDT(TC_logintestDDT_002.java:32)
at sun.reflect.NativeMethodAccessorImpl.invoke0(Native Method)
at sun.reflect.NativeMethodAccessorImpl.invoke(NativeMethodAccessorImpl.java:62)
at sun.reflect.DelegatingMethodAccessorImpl.invoke(DelegatingMethodAccessorImpl.java:43)
at java.lang.reflect.Method.invoke(Method.java:498)
at org.testng.internal.MethodInvocationHelper.invokeMethod(MethodInvocationHelper.java:134)
at org.testng.internal.TestInvoker.invokeMethod(TestInvoker.java:597)
at org.testng.internal.TestInvoker.invokeTestMethod(TestInvoker.java:173)
at org.testng.internal.MethodRunner.runInSequence(MethodRunner.java:46)
at org.testng.internal.TestInvoker$MethodInvocationAgent.invoke(TestInvoker.java:816)
at org.testng.internal.TestInvoker.invokeTestMethods(TestInvoker.java:146)
at org.testng.internal.TestMethodWorker.invokeTestMethods(TestMethodWorker.java:146)
at org.testng.internal.TestMethodWorker.run(TestMethodWorker.java:128)
at java.util.ArrayList.forEach(ArrayList.java:1249)
at org.testng.TestRunner.privateRun(TestRunner.java:766)
at org.testng.TestRunner.run(TestRunner.java:587)
at org.testng.SuiteRunner.runTest(SuiteRunner.java:384)
at org.testng.SuiteRunner.runSequentially(SuiteRunner.java:378)
at org.testng.SuiteRunner.privateRun(SuiteRunner.java:337)
at org.testng.SuiteRunner.run(SuiteRunner.java:286)
at org.testng.SuiteRunnerWorker.runSuite(SuiteRunnerWorker.java:53)
at org.testng.SuiteRunnerWorker.run(SuiteRunnerWorker.java:96)
at org.testng.TestNG.runSuitesSequentially(TestNG.java:1187)
at org.testng.TestNG.runSuitesLocally(TestNG.java:1109)
at org.testng.TestNG.runSuites(TestNG.java:1039)
at org.testng.TestNG.run(TestNG.java:1007)
at org.testng.remote.AbstractRemoteTestNG.run(AbstractRemoteTestNG.java:115)
at org.testng.remote.RemoteTestNG.initAndRun(RemoteTestNG.java:251)
at org.testng.remote.RemoteTestNG.main(RemoteTestNG.java:77)
]]>
            </full-stacktrace>
          </exception> <!-- java.lang.AssertionError -->
          <reporter-output>
          </reporter-output>
        </test-method> <!-- loginDDT -->
        <test-method status="PASS" signature="loginDDT(java.lang.String, java.lang.String)[pri:0, instance:com.inetBanking.Testcase.TC_logintestDDT_002@528931cf]" name="loginDDT" duration-ms="12999" started-at="2020-12-08T02:17:22 EST" data-provider="LoginData" finished-at="2020-12-08T02:17:35 EST">
          <params>
            <param index="0">
              <value>
                <![CDATA[mngr298653]]>
              </value>
            </param>
            <param index="1">
              <value>
                <![CDATA[ahAdaqa]]>
              </value>
            </param>
          </params>
          <reporter-output>
          </reporter-output>
        </test-method> <!-- loginDDT -->
        <test-method status="PASS" signature="loginDDT(java.lang.String, java.lang.String)[pri:0, instance:com.inetBanking.Testcase.TC_logintestDDT_002@528931cf]" name="loginDDT" duration-ms="13625" started-at="2020-12-08T02:17:35 EST" data-provider="LoginData" finished-at="2020-12-08T02:17:49 EST">
          <params>
            <param index="0">
              <value>
                <![CDATA[mngr298653]]>
              </value>
            </param>
            <param index="1">
              <value>
                <![CDATA[ahAdaqa]]>
              </value>
            </param>
          </params>
          <reporter-output>
          </reporter-output>
        </test-method> <!-- loginDDT -->
        <test-method status="PASS" signature="tearDown()[pri:0, instance:com.inetBanking.Testcase.TC_logintestDDT_002@528931cf]" name="tearDown" is-config="true" duration-ms="710" started-at="2020-12-08T02:17:49 EST" finished-at="2020-12-08T02:17:50 EST">
          <reporter-output>
          </reporter-output>
        </test-method> <!-- tearDown -->
      </class> <!-- com.inetBanking.Testcase.TC_logintestDDT_002 -->
    </test> <!-- Banking App Test -->
  </suite> <!-- inetBanking -->
</testng-results>
